app/build/intermediates/manifest_merge_blame_file/debug/manifest-merger-blame-debug-report.txt
1<?xml version="1.0" encoding="utf-8"?>
2<manifest xmlns:android="http://schemas.android.com/apk/res/android"
3    package="thesis.filconnected"
4    android:versionCode="1"
5    android:versionName="1.0" >
6
7    <uses-sdk
8        android:minSdkVersion="29"
9        android:targetSdkVersion="34" />
10    <!-- Declare permissions and features -->
11    <uses-permission android:name="android.permission.CAMERA" />
11-->src\main\AndroidManifest.xml:6:5-65
11-->src\main\AndroidManifest.xml:6:22-62
12
13    <uses-feature android:name="android.hardware.camera" /> <!-- for voice -->
13-->src\main\AndroidManifest.xml:8:5-60
13-->src\main\AndroidManifest.xml:8:19-57
14    <uses-permission android:name="android.permission.RECORD_AUDIO" />
14-->src\main\AndroidManifest.xml:9:5-71
14-->src\main\AndroidManifest.xml:9:22-68
15    <uses-permission android:name="android.permission.INTERNET" />
15-->src\main\AndroidManifest.xml:10:5-67
15-->src\main\AndroidManifest.xml:10:22-64
16    <uses-permission android:name="android.permission.ACCESS_NETWORK_STATE" />
16-->src\main\AndroidManifest.xml:11:5-79
16-->src\main\AndroidManifest.xml:11:22-76
17    <uses-permission android:name="android.permission.READ_EXTERNAL_STORAGE" />
17-->src\main\AndroidManifest.xml:12:5-80
17-->src\main\AndroidManifest.xml:12:22-77
18    <uses-permission android:name="android.permission.WRITE_EXTERNAL_STORAGE" />
18-->src\main\AndroidManifest.xml:13:5-81
18-->src\main\AndroidManifest.xml:13:22-78
19
20    <permission
20-->[androidx.core:core:1.9.0] AndroidManifest.xml:22:5-24:47
21        android:name="thesis.filconnected.DYNAMIC_RECEIVER_NOT_EXPORTED_PERMISSION"
21-->[androidx.core:core:1.9.0] AndroidManifest.xml:23:9-81
22        android:protectionLevel="signature" />
22-->[androidx.core:core:1.9.0] AndroidManifest.xml:24:9-44
23
24    <uses-permission android:name="thesis.filconnected.DYNAMIC_RECEIVER_NOT_EXPORTED_PERMISSION" /> <!-- for accessing the http api:not secured : usesclaertextraffic -->
24-->[androidx.core:core:1.9.0] AndroidManifest.xml:26:5-97
24-->[androidx.core:core:1.9.0] AndroidManifest.xml:26:22-94
25    <application
25-->src\main\AndroidManifest.xml:17:5-132:19
26        android:allowBackup="true"
26-->src\main\AndroidManifest.xml:20:9-35
27        android:appComponentFactory="androidx.core.app.CoreComponentFactory"
27-->[androidx.core:core:1.9.0] AndroidManifest.xml:28:18-86
28        android:debuggable="true"
29        android:extractNativeLibs="false"
30        android:icon="@mipmap/ic_launcher"
30-->src\main\AndroidManifest.xml:21:9-43
31        android:label="FILConnectEd"
31-->src\main\AndroidManifest.xml:22:9-37
32        android:roundIcon="@mipmap/ic_launcher_round"
32-->src\main\AndroidManifest.xml:23:9-54
33        android:supportsRtl="true"
33-->src\main\AndroidManifest.xml:24:9-35
34        android:testOnly="true"
35        android:theme="@style/Theme.GestureRecognizer"
35-->src\main\AndroidManifest.xml:25:9-55
36        android:usesCleartextTraffic="true" >
36-->src\main\AndroidManifest.xml:19:9-44
37        <service
37-->src\main\AndroidManifest.xml:27:9-29:79
38            android:name="android.speech.RecognitionService"
38-->src\main\AndroidManifest.xml:28:13-61
39            android:permission="android.permission.BIND_SPEECH_RECOGNITION" />
39-->src\main\AndroidManifest.xml:29:13-76
40
41        <!-- App Tutorial -->
42        <activity
42-->src\main\AndroidManifest.xml:33:9-35:40
43            android:name="thesis.filconnected.users.apptutorial.AppTwoFslToText"
43-->src\main\AndroidManifest.xml:34:13-62
44            android:exported="false" />
44-->src\main\AndroidManifest.xml:35:13-37
45        <activity
45-->src\main\AndroidManifest.xml:36:9-38:40
46            android:name="thesis.filconnected.users.apptutorial.AppThreeTextToFsl"
46-->src\main\AndroidManifest.xml:37:13-64
47            android:exported="false" />
47-->src\main\AndroidManifest.xml:38:13-37
48        <activity
48-->src\main\AndroidManifest.xml:39:9-41:40
49            android:name="thesis.filconnected.users.apptutorial.AppOneFslToText"
49-->src\main\AndroidManifest.xml:40:13-62
50            android:exported="false" />
50-->src\main\AndroidManifest.xml:41:13-37
51
52        <!-- Admin -->
53
54        <activity
54-->src\main\AndroidManifest.xml:47:9-49:40
55            android:name="thesis.filconnected.admin.model_version.Training"
55-->src\main\AndroidManifest.xml:48:13-57
56            android:exported="false" />
56-->src\main\AndroidManifest.xml:49:13-37
57        <activity
57-->src\main\AndroidManifest.xml:51:9-53:40
58            android:name="thesis.filconnected.admin.model_version.TrainingCamera"
58-->src\main\AndroidManifest.xml:52:13-63
59            android:exported="false" />
59-->src\main\AndroidManifest.xml:53:13-37
60        <activity
60-->src\main\AndroidManifest.xml:59:9-61:40
61            android:name="thesis.filconnected.admin.SignIn"
61-->src\main\AndroidManifest.xml:60:13-41
62            android:exported="false" />
62-->src\main\AndroidManifest.xml:61:13-37
63        <activity
63-->src\main\AndroidManifest.xml:62:9-64:40
64            android:name="thesis.filconnected.admin.SignUpSuccess"
64-->src\main\AndroidManifest.xml:63:13-48
65            android:exported="false" />
65-->src\main\AndroidManifest.xml:64:13-37
66        <activity
66-->src\main\AndroidManifest.xml:66:9-68:40
67            android:name="thesis.filconnected.AddVideoAdmin.UploadVideo"
67-->src\main\AndroidManifest.xml:67:13-54
68            android:exported="false" />
68-->src\main\AndroidManifest.xml:68:13-37
69        <activity
69-->src\main\AndroidManifest.xml:70:9-72:40
70            android:name="thesis.filconnected.admin.AddVideoTextToFsl"
70-->src\main\AndroidManifest.xml:71:13-52
71            android:exported="false" />
71-->src\main\AndroidManifest.xml:72:13-37
72
73        <!-- users -->
74
75        <activity
75-->src\main\AndroidManifest.xml:77:9-79:40
76            android:name="thesis.filconnected.users.Modal"
76-->src\main\AndroidManifest.xml:78:13-40
77            android:exported="false" />
77-->src\main\AndroidManifest.xml:79:13-37
78        <activity
78-->src\main\AndroidManifest.xml:80:9-82:40
79            android:name="thesis.filconnected.users.TextToFsl"
79-->src\main\AndroidManifest.xml:81:13-44
80            android:exported="false" />
80-->src\main\AndroidManifest.xml:82:13-37
81        <activity
81-->src\main\AndroidManifest.xml:83:9-85:40
82            android:name="thesis.filconnected.users.HomePage"
82-->src\main\AndroidManifest.xml:84:13-43
83            android:exported="false" />
83-->src\main\AndroidManifest.xml:85:13-37
84        <activity
84-->src\main\AndroidManifest.xml:86:9-88:40
85            android:name="thesis.filconnected.users.DevInfo"
85-->src\main\AndroidManifest.xml:87:13-42
86            android:exported="false" />
86-->src\main\AndroidManifest.xml:88:13-37
87        <activity
87-->src\main\AndroidManifest.xml:89:9-91:40
88            android:name="thesis.filconnected.users.About"
88-->src\main\AndroidManifest.xml:90:13-40
89            android:exported="false" />
89-->src\main\AndroidManifest.xml:91:13-37
90        <activity
90-->src\main\AndroidManifest.xml:93:9-95:39
91            android:name="thesis.filconnected.users.FSLtoText"
91-->src\main\AndroidManifest.xml:94:13-44
92            android:exported="true" />
92-->src\main\AndroidManifest.xml:95:13-36
93
94        <!-- both -->
95        <activity
95-->src\main\AndroidManifest.xml:99:9-116:20
96            android:name="thesis.filconnected.admin.WelcomeAdmin"
96-->src\main\AndroidManifest.xml:100:13-47
97            android:exported="true" >
97-->src\main\AndroidManifest.xml:101:13-36
98            <meta-data
98-->src\main\AndroidManifest.xml:102:13-104:40
99                android:name="android.notch_support"
99-->src\main\AndroidManifest.xml:103:17-53
100                android:value="true" />
100-->src\main\AndroidManifest.xml:104:17-37
101
102            <intent-filter>
102-->src\main\AndroidManifest.xml:106:13-115:29
103                <action android:name="android.intent.action.VIEW" />
103-->src\main\AndroidManifest.xml:107:17-69
103-->src\main\AndroidManifest.xml:107:25-66
104
105                <category android:name="android.intent.category.DEFAULT" />
105-->src\main\AndroidManifest.xml:109:17-76
105-->src\main\AndroidManifest.xml:109:27-73
106                <category android:name="android.intent.category.BROWSABLE" />
106-->src\main\AndroidManifest.xml:110:17-78
106-->src\main\AndroidManifest.xml:110:27-75
107
108                <data
108-->src\main\AndroidManifest.xml:112:17-114:53
109                    android:host="oauth2redirect"
109-->src\main\AndroidManifest.xml:113:21-50
110                    android:scheme="filconnected" />
110-->src\main\AndroidManifest.xml:114:21-50
111            </intent-filter>
112        </activity>
113        <activity
113-->src\main\AndroidManifest.xml:120:9-128:20
114            android:name="thesis.filconnected.FastApi.MainActivity"
114-->src\main\AndroidManifest.xml:121:13-49
115            android:exported="true" >
115-->src\main\AndroidManifest.xml:122:13-36
116            <intent-filter>
116-->src\main\AndroidManifest.xml:123:13-127:29
117                <action android:name="android.intent.action.MAIN" />
117-->src\main\AndroidManifest.xml:124:17-69
117-->src\main\AndroidManifest.xml:124:25-66
118
119                <category android:name="android.intent.category.LAUNCHER" />
119-->src\main\AndroidManifest.xml:126:17-77
119-->src\main\AndroidManifest.xml:126:27-74
120            </intent-filter>
121        </activity>
122
123        <service
123-->[androidx.camera:camera-camera2:1.2.0-alpha02] AndroidManifest.xml:25:9-34:19
124            android:name="androidx.camera.core.impl.MetadataHolderService"
124-->[androidx.camera:camera-camera2:1.2.0-alpha02] AndroidManifest.xml:26:13-75
125            android:enabled="false"
125-->[androidx.camera:camera-camera2:1.2.0-alpha02] AndroidManifest.xml:27:13-36
126            android:exported="false" >
126-->[androidx.camera:camera-camera2:1.2.0-alpha02] AndroidManifest.xml:28:13-37
127            <meta-data
127-->[androidx.camera:camera-camera2:1.2.0-alpha02] AndroidManifest.xml:31:13-33:89
128                android:name="androidx.camera.core.impl.MetadataHolderService.DEFAULT_CONFIG_PROVIDER"
128-->[androidx.camera:camera-camera2:1.2.0-alpha02] AndroidManifest.xml:32:17-103
129                android:value="androidx.camera.camera2.Camera2Config$DefaultProvider" />
129-->[androidx.camera:camera-camera2:1.2.0-alpha02] AndroidManifest.xml:33:17-86
130        </service>
131
132        <uses-library
132-->[androidx.window:window:1.1.0-alpha03] AndroidManifest.xml:23:9-25:40
133            android:name="androidx.window.extensions"
133-->[androidx.window:window:1.1.0-alpha03] AndroidManifest.xml:24:13-54
134            android:required="false" />
134-->[androidx.window:window:1.1.0-alpha03] AndroidManifest.xml:25:13-37
135        <uses-library
135-->[androidx.window:window:1.1.0-alpha03] AndroidManifest.xml:26:9-28:40
136            android:name="androidx.window.sidecar"
136-->[androidx.window:window:1.1.0-alpha03] AndroidManifest.xml:27:13-51
137            android:required="false" />
137-->[androidx.window:window:1.1.0-alpha03] AndroidManifest.xml:28:13-37
138
139        <activity
139-->[com.google.android.gms:play-services-auth:20.7.0] AndroidManifest.xml:23:9-27:75
140            android:name="com.google.android.gms.auth.api.signin.internal.SignInHubActivity"
140-->[com.google.android.gms:play-services-auth:20.7.0] AndroidManifest.xml:24:13-93
141            android:excludeFromRecents="true"
141-->[com.google.android.gms:play-services-auth:20.7.0] AndroidManifest.xml:25:13-46
142            android:exported="false"
142-->[com.google.android.gms:play-services-auth:20.7.0] AndroidManifest.xml:26:13-37
143            android:theme="@android:style/Theme.Translucent.NoTitleBar" />
143-->[com.google.android.gms:play-services-auth:20.7.0] AndroidManifest.xml:27:13-72
144        <!--
145            Service handling Google Sign-In user revocation. For apps that do not integrate with
146            Google Sign-In, this service will never be started.
147        -->
148        <service
148-->[com.google.android.gms:play-services-auth:20.7.0] AndroidManifest.xml:33:9-37:51
149            android:name="com.google.android.gms.auth.api.signin.RevocationBoundService"
149-->[com.google.android.gms:play-services-auth:20.7.0] AndroidManifest.xml:34:13-89
150            android:exported="true"
150-->[com.google.android.gms:play-services-auth:20.7.0] AndroidManifest.xml:35:13-36
151            android:permission="com.google.android.gms.auth.api.signin.permission.REVOCATION_NOTIFICATION"
151-->[com.google.android.gms:play-services-auth:20.7.0] AndroidManifest.xml:36:13-107
152            android:visibleToInstantApps="true" />
152-->[com.google.android.gms:play-services-auth:20.7.0] AndroidManifest.xml:37:13-48
153
154        <activity
154-->[com.google.android.gms:play-services-base:18.0.1] AndroidManifest.xml:20:9-22:45
155            android:name="com.google.android.gms.common.api.GoogleApiActivity"
155-->[com.google.android.gms:play-services-base:18.0.1] AndroidManifest.xml:20:19-85
156            android:exported="false"
156-->[com.google.android.gms:play-services-base:18.0.1] AndroidManifest.xml:22:19-43
157            android:theme="@android:style/Theme.Translucent.NoTitleBar" />
157-->[com.google.android.gms:play-services-base:18.0.1] AndroidManifest.xml:21:19-78
158
159        <meta-data
159-->[com.google.android.gms:play-services-basement:18.5.0] AndroidManifest.xml:21:9-23:69
160            android:name="com.google.android.gms.version"
160-->[com.google.android.gms:play-services-basement:18.5.0] AndroidManifest.xml:22:13-58
161            android:value="@integer/google_play_services_version" />
161-->[com.google.android.gms:play-services-basement:18.5.0] AndroidManifest.xml:23:13-66
162
163        <provider
163-->[androidx.emoji2:emoji2:1.2.0] AndroidManifest.xml:24:9-32:20
164            android:name="androidx.startup.InitializationProvider"
164-->[androidx.emoji2:emoji2:1.2.0] AndroidManifest.xml:25:13-67
165            android:authorities="thesis.filconnected.androidx-startup"
165-->[androidx.emoji2:emoji2:1.2.0] AndroidManifest.xml:26:13-68
166            android:exported="false" >
166-->[androidx.emoji2:emoji2:1.2.0] AndroidManifest.xml:27:13-37
167            <meta-data
167-->[androidx.emoji2:emoji2:1.2.0] AndroidManifest.xml:29:13-31:52
168                android:name="androidx.emoji2.text.EmojiCompatInitializer"
168-->[androidx.emoji2:emoji2:1.2.0] AndroidManifest.xml:30:17-75
169                android:value="androidx.startup" />
169-->[androidx.emoji2:emoji2:1.2.0] AndroidManifest.xml:31:17-49
170            <meta-data
170-->[androidx.lifecycle:lifecycle-process:2.6.1] AndroidManifest.xml:29:13-31:52
171                android:name="androidx.lifecycle.ProcessLifecycleInitializer"
171-->[androidx.lifecycle:lifecycle-process:2.6.1] AndroidManifest.xml:30:17-78
172                android:value="androidx.startup" />
172-->[androidx.lifecycle:lifecycle-process:2.6.1] AndroidManifest.xml:31:17-49
173            <meta-data
173-->[androidx.profileinstaller:profileinstaller:1.3.0] AndroidManifest.xml:29:13-31:52
174                android:name="androidx.profileinstaller.ProfileInstallerInitializer"
174-->[androidx.profileinstaller:profileinstaller:1.3.0] AndroidManifest.xml:30:17-85
175                android:value="androidx.startup" />
175-->[androidx.profileinstaller:profileinstaller:1.3.0] AndroidManifest.xml:31:17-49
176        </provider>
177
178        <receiver
178-->[androidx.profileinstaller:profileinstaller:1.3.0] AndroidManifest.xml:34:9-52:20
179            android:name="androidx.profileinstaller.ProfileInstallReceiver"
179-->[androidx.profileinstaller:profileinstaller:1.3.0] AndroidManifest.xml:35:13-76
180            android:directBootAware="false"
180-->[androidx.profileinstaller:profileinstaller:1.3.0] AndroidManifest.xml:36:13-44
181            android:enabled="true"
181-->[androidx.profileinstaller:profileinstaller:1.3.0] AndroidManifest.xml:37:13-35
182            android:exported="true"
182-->[androidx.profileinstaller:profileinstaller:1.3.0] AndroidManifest.xml:38:13-36
183            android:permission="android.permission.DUMP" >
183-->[androidx.profileinstaller:profileinstaller:1.3.0] AndroidManifest.xml:39:13-57
184            <intent-filter>
184-->[androidx.profileinstaller:profileinstaller:1.3.0] AndroidManifest.xml:40:13-42:29
185                <action android:name="androidx.profileinstaller.action.INSTALL_PROFILE" />
185-->[androidx.profileinstaller:profileinstaller:1.3.0] AndroidManifest.xml:41:17-91
185-->[androidx.profileinstaller:profileinstaller:1.3.0] AndroidManifest.xml:41:25-88
186            </intent-filter>
187            <intent-filter>
187-->[androidx.profileinstaller:profileinstaller:1.3.0] AndroidManifest.xml:43:13-45:29
188                <action android:name="androidx.profileinstaller.action.SKIP_FILE" />
188-->[androidx.profileinstaller:profileinstaller:1.3.0] AndroidManifest.xml:44:17-85
188-->[androidx.profileinstaller:profileinstaller:1.3.0] AndroidManifest.xml:44:25-82
189            </intent-filter>
190            <intent-filter>
190-->[androidx.profileinstaller:profileinstaller:1.3.0] AndroidManifest.xml:46:13-48:29
191                <action android:name="androidx.profileinstaller.action.SAVE_PROFILE" />
191-->[androidx.profileinstaller:profileinstaller:1.3.0] AndroidManifest.xml:47:17-88
191-->[androidx.profileinstaller:profileinstaller:1.3.0] AndroidManifest.xml:47:25-85
192            </intent-filter>
193            <intent-filter>
193-->[androidx.profileinstaller:profileinstaller:1.3.0] AndroidManifest.xml:49:13-51:29
194                <action android:name="androidx.profileinstaller.action.BENCHMARK_OPERATION" />
194-->[androidx.profileinstaller:profileinstaller:1.3.0] AndroidManifest.xml:50:17-95
194-->[androidx.profileinstaller:profileinstaller:1.3.0] AndroidManifest.xml:50:25-92
195            </intent-filter>
196        </receiver>
197
198        <service
198-->[com.google.android.datatransport:transport-backend-cct:3.1.0] AndroidManifest.xml:29:9-35:19
199            android:name="com.google.android.datatransport.runtime.backends.TransportBackendDiscovery"
199-->[com.google.android.datatransport:transport-backend-cct:3.1.0] AndroidManifest.xml:30:13-103
200            android:exported="false" >
200-->[com.google.android.datatransport:transport-backend-cct:3.1.0] AndroidManifest.xml:31:13-37
201            <meta-data
201-->[com.google.android.datatransport:transport-backend-cct:3.1.0] AndroidManifest.xml:32:13-34:39
202                android:name="backend:com.google.android.datatransport.cct.CctBackendFactory"
202-->[com.google.android.datatransport:transport-backend-cct:3.1.0] AndroidManifest.xml:33:17-94
203                android:value="cct" />
203-->[com.google.android.datatransport:transport-backend-cct:3.1.0] AndroidManifest.xml:34:17-36
204        </service>
205        <service
205-->[com.google.android.datatransport:transport-runtime:3.1.0] AndroidManifest.xml:26:9-30:19
206            android:name="com.google.android.datatransport.runtime.scheduling.jobscheduling.JobInfoSchedulerService"
206-->[com.google.android.datatransport:transport-runtime:3.1.0] AndroidManifest.xml:27:13-117
207            android:exported="false"
207-->[com.google.android.datatransport:transport-runtime:3.1.0] AndroidManifest.xml:28:13-37
208            android:permission="android.permission.BIND_JOB_SERVICE" >
208-->[com.google.android.datatransport:transport-runtime:3.1.0] AndroidManifest.xml:29:13-69
209        </service>
210
211        <receiver
211-->[com.google.android.datatransport:transport-runtime:3.1.0] AndroidManifest.xml:32:9-34:40
212            android:name="com.google.android.datatransport.runtime.scheduling.jobscheduling.AlarmManagerSchedulerBroadcastReceiver"
212-->[com.google.android.datatransport:transport-runtime:3.1.0] AndroidManifest.xml:33:13-132
213            android:exported="false" />
213-->[com.google.android.datatransport:transport-runtime:3.1.0] AndroidManifest.xml:34:13-37
214    </application>
215
216</manifest>